[Tue Sep 28 17:21:17.238852 2021] [ssl:warn] [pid 22408:tid 564] AH01909: www.example.com:443:0 server certificate does NOT include an ID which matches the server name
[Tue Sep 28 17:21:17.311429 2021] [ssl:warn] [pid 22408:tid 564] AH01909: www.example.com:443:0 server certificate does NOT include an ID which matches the server name
[Tue Sep 28 17:21:17.338357 2021] [mpm_winnt:notice] [pid 22408:tid 564] AH00455: Apache/2.4.48 (Win64) OpenSSL/1.1.1l PHP/8.0.10 configured -- resuming normal operations
[Tue Sep 28 17:21:17.338357 2021] [mpm_winnt:notice] [pid 22408:tid 564] AH00456: Apache Lounge VS16 Server built: Aug 25 2021 12:07:35
[Tue Sep 28 17:21:17.338357 2021] [core:notice] [pid 22408:tid 564] AH00094: Command line: 'C:\\xampp\\apache\\bin\\httpd.exe -d C:/xampp/apache'
[Tue Sep 28 17:21:17.351353 2021] [mpm_winnt:notice] [pid 22408:tid 564] AH00418: Parent: Created child process 11412
[Tue Sep 28 17:21:17.784163 2021] [ssl:warn] [pid 11412:tid 576] AH01909: www.example.com:443:0 server certificate does NOT include an ID which matches the server name
[Tue Sep 28 17:21:17.844003 2021] [ssl:warn] [pid 11412:tid 576] AH01909: www.example.com:443:0 server certificate does NOT include an ID which matches the server name
[Tue Sep 28 17:21:17.863950 2021] [mpm_winnt:notice] [pid 11412:tid 576] AH00354: Child: Starting 150 worker threads.
[Tue Sep 28 17:48:49.018972 2021] [ssl:warn] [pid 21088:tid 588] AH01909: www.example.com:443:0 server certificate does NOT include an ID which matches the server name
[Tue Sep 28 17:48:49.086118 2021] [ssl:warn] [pid 21088:tid 588] AH01909: www.example.com:443:0 server certificate does NOT include an ID which matches the server name
[Tue Sep 28 17:48:49.113092 2021] [mpm_winnt:notice] [pid 21088:tid 588] AH00455: Apache/2.4.48 (Win64) OpenSSL/1.1.1l PHP/8.0.10 configured -- resuming normal operations
[Tue Sep 28 17:48:49.113092 2021] [mpm_winnt:notice] [pid 21088:tid 588] AH00456: Apache Lounge VS16 Server built: Aug 25 2021 12:07:35
[Tue Sep 28 17:48:49.113092 2021] [core:notice] [pid 21088:tid 588] AH00094: Command line: 'c:\\xampp\\apache\\bin\\httpd.exe -d C:/xampp/apache'
[Tue Sep 28 17:48:49.117081 2021] [mpm_winnt:notice] [pid 21088:tid 588] AH00418: Parent: Created child process 19204
[Tue Sep 28 17:48:49.682723 2021] [ssl:warn] [pid 19204:tid 596] AH01909: www.example.com:443:0 server certificate does NOT include an ID which matches the server name
[Tue Sep 28 17:48:49.750816 2021] [ssl:warn] [pid 19204:tid 596] AH01909: www.example.com:443:0 server certificate does NOT include an ID which matches the server name
[Tue Sep 28 17:48:49.774171 2021] [mpm_winnt:notice] [pid 19204:tid 596] AH00354: Child: Starting 150 worker threads.
[Tue Sep 28 17:54:46.757670 2021] [ssl:warn] [pid 16068:tid 560] AH01909: www.example.com:443:0 server certificate does NOT include an ID which matches the server name
[Tue Sep 28 17:54:46.822517 2021] [ssl:warn] [pid 16068:tid 560] AH01909: www.example.com:443:0 server certificate does NOT include an ID which matches the server name
[Tue Sep 28 17:54:46.841467 2021] [mpm_winnt:notice] [pid 16068:tid 560] AH00455: Apache/2.4.48 (Win64) OpenSSL/1.1.1l PHP/8.0.10 configured -- resuming normal operations
[Tue Sep 28 17:54:46.841467 2021] [mpm_winnt:notice] [pid 16068:tid 560] AH00456: Apache Lounge VS16 Server built: Aug 25 2021 12:07:35
[Tue Sep 28 17:54:46.841467 2021] [core:notice] [pid 16068:tid 560] AH00094: Command line: 'C:\\xampp\\apache\\bin\\httpd.exe -d C:/xampp/apache'
[Tue Sep 28 17:54:46.853434 2021] [mpm_winnt:notice] [pid 16068:tid 560] AH00418: Parent: Created child process 16072
[Tue Sep 28 17:54:47.324146 2021] [ssl:warn] [pid 16072:tid 604] AH01909: www.example.com:443:0 server certificate does NOT include an ID which matches the server name
[Tue Sep 28 17:54:47.496053 2021] [ssl:warn] [pid 16072:tid 604] AH01909: www.example.com:443:0 server certificate does NOT include an ID which matches the server name
[Tue Sep 28 17:54:47.533339 2021] [mpm_winnt:notice] [pid 16072:tid 604] AH00354: Child: Starting 150 worker threads.
[Tue Sep 28 18:17:23.215559 2021] [php:warn] [pid 16072:tid 1820] [client 127.0.0.1:63159] PHP Warning:  Undefined property: WP_Ajax_Upgrader_Skin::$api in C:\\xampp\\apps\\wordpress\\htdocs\\wp-admin\\includes\\class-theme-upgrader.php on line 160, referer: http://127.0.0.1/wordpress/wp-admin/theme-install.php?search=food
[Tue Sep 28 18:23:10.526629 2021] [php:error] [pid 16072:tid 1820] [client 127.0.0.1:49708] PHP Fatal error:  Uncaught ArgumentCountError: 3 arguments are required, 2 given in C:\\xampp\\apps\\wordpress\\htdocs\\wp-admin\\includes\\class-bulk-upgrader-skin.php:152\nStack trace:\n#0 C:\\xampp\\apps\\wordpress\\htdocs\\wp-admin\\includes\\class-bulk-upgrader-skin.php(152): sprintf('%1$s installed ...', 'One Click Demo ...')\n#1 C:\\xampp\\apps\\wordpress\\htdocs\\wp-content\\themes\\mik\\inc\\tgm-plugin\\class-tgm-plugin-activation.php(3553): Bulk_Upgrader_Skin->after('One Click Demo ...')\n#2 C:\\xampp\\apps\\wordpress\\htdocs\\wp-admin\\includes\\class-wp-upgrader.php(823): TGMPA_Bulk_Installer_Skin->after()\n#3 C:\\xampp\\apps\\wordpress\\htdocs\\wp-content\\themes\\mik\\inc\\tgm-plugin\\class-tgm-plugin-activation.php(3173): WP_Upgrader->run(Array)\n#4 C:\\xampp\\apps\\wordpress\\htdocs\\wp-content\\themes\\mik\\inc\\tgm-plugin\\class-tgm-plugin-activation.php(3286): TGMPA_Bulk_Installer->run(Array)\n#5 C:\\xampp\\apps\\wordpress\\htdocs\\wp-content\\themes\\mik\\inc\\tgm-plugin\\class-tgm-plugin-activation.php(2892): TGMPA_Bulk_Installer->bulk_install(Array)\n#6 C:\\xampp\\apps\\wordpress\\htdocs\\wp-content\\themes\\mik\\inc\\tgm-plugin\\class-tgm-plugin-activation.php(658): TGMPA_List_Table->process_bulk_actions()\n#7 C:\\xampp\\apps\\wordpress\\htdocs\\wp-includes\\class-wp-hook.php(303): TGM_Plugin_Activation->install_plugins_page('')\n#8 C:\\xampp\\apps\\wordpress\\htdocs\\wp-includes\\class-wp-hook.php(327): WP_Hook->apply_filters('', Array)\n#9 C:\\xampp\\apps\\wordpress\\htdocs\\wp-includes\\plugin.php(470): WP_Hook->do_action(Array)\n#10 C:\\xampp\\apps\\wordpress\\htdocs\\wp-admin\\admin.php(259): do_action('appearance_page...')\n#11 C:\\xampp\\apps\\wordpress\\htdocs\\wp-admin\\themes.php(10): require_once('C:\\\\xampp\\\\apps\\\\w...')\n#12 {main}\n  thrown in C:\\xampp\\apps\\wordpress\\htdocs\\wp-admin\\includes\\class-bulk-upgrader-skin.php on line 152, referer: http://127.0.0.1/wordpress/wp-admin/themes.php?page=tgmpa-install-plugins&plugin_status=install
[Tue Sep 28 19:11:30.774026 2021] [php:error] [pid 16072:tid 1852] [client ::1:61419] script 'C:/xampp/htdocs/wp-login.php' not found or unable to stat
[Tue Sep 28 19:22:10.302624 2021] [ssl:warn] [pid 12252:tid 540] AH01909: www.example.com:443:0 server certificate does NOT include an ID which matches the server name
[Tue Sep 28 19:22:10.412241 2021] [core:warn] [pid 12252:tid 540] AH00098: pid file C:/xampp/apache/logs/httpd.pid overwritten -- Unclean shutdown of previous Apache run?
[Tue Sep 28 19:22:10.427545 2021] [ssl:warn] [pid 12252:tid 540] AH01909: www.example.com:443:0 server certificate does NOT include an ID which matches the server name
[Tue Sep 28 19:22:10.888245 2021] [mpm_winnt:notice] [pid 12252:tid 540] AH00455: Apache/2.4.48 (Win64) OpenSSL/1.1.1l PHP/8.0.10 configured -- resuming normal operations
[Tue Sep 28 19:22:10.888245 2021] [mpm_winnt:notice] [pid 12252:tid 540] AH00456: Apache Lounge VS16 Server built: Aug 25 2021 12:07:35
[Tue Sep 28 19:22:10.888245 2021] [core:notice] [pid 12252:tid 540] AH00094: Command line: 'c:\\xampp\\apache\\bin\\httpd.exe -d C:/xampp/apache'
[Tue Sep 28 19:22:10.891629 2021] [mpm_winnt:notice] [pid 12252:tid 540] AH00418: Parent: Created child process 10884
[Tue Sep 28 19:22:11.317987 2021] [ssl:warn] [pid 10884:tid 536] AH01909: www.example.com:443:0 server certificate does NOT include an ID which matches the server name
[Tue Sep 28 19:22:11.364851 2021] [ssl:warn] [pid 10884:tid 536] AH01909: www.example.com:443:0 server certificate does NOT include an ID which matches the server name
[Tue Sep 28 19:22:11.396094 2021] [mpm_winnt:notice] [pid 10884:tid 536] AH00354: Child: Starting 150 worker threads.
[Tue Sep 28 19:22:44.634231 2021] [php:error] [pid 10884:tid 1836] [client ::1:51102] script 'C:/xampp/htdocs/wp-login.php' not found or unable to stat
[Tue Sep 28 19:22:59.604820 2021] [php:error] [pid 10884:tid 1824] [client ::1:64836] script 'C:/xampp/htdocs/wp-login.php' not found or unable to stat
[Tue Sep 28 19:41:05.132575 2021] [php:warn] [pid 10884:tid 1796] [client ::1:61053] PHP Warning:  Undefined variable $qsid in C:\\xampp\\apps\\wordpress\\htdocs\\wp-content\\plugins\\child-theme-configurator\\includes\\classes\\CSS.php on line 958, referer: http://localhost/wordpress/wp-admin/tools.php?page=chld_thm_cfg_menu
[Tue Sep 28 19:41:05.133600 2021] [php:warn] [pid 10884:tid 1796] [client ::1:61053] PHP Warning:  Undefined variable $qsid in C:\\xampp\\apps\\wordpress\\htdocs\\wp-content\\plugins\\child-theme-configurator\\includes\\classes\\CSS.php on line 960, referer: http://localhost/wordpress/wp-admin/tools.php?page=chld_thm_cfg_menu
[Tue Sep 28 19:41:05.133600 2021] [php:warn] [pid 10884:tid 1796] [client ::1:61053] PHP Warning:  Undefined variable $qsid in C:\\xampp\\apps\\wordpress\\htdocs\\wp-content\\plugins\\child-theme-configurator\\includes\\classes\\CSS.php on line 967, referer: http://localhost/wordpress/wp-admin/tools.php?page=chld_thm_cfg_menu
[Tue Sep 28 19:41:05.133600 2021] [php:warn] [pid 10884:tid 1796] [client ::1:61053] PHP Warning:  Undefined variable $qsid in C:\\xampp\\apps\\wordpress\\htdocs\\wp-content\\plugins\\child-theme-configurator\\includes\\classes\\CSS.php on line 968, referer: http://localhost/wordpress/wp-admin/tools.php?page=chld_thm_cfg_menu
[Tue Sep 28 19:41:05.133600 2021] [php:warn] [pid 10884:tid 1796] [client ::1:61053] PHP Warning:  Undefined variable $qsid in C:\\xampp\\apps\\wordpress\\htdocs\\wp-content\\plugins\\child-theme-configurator\\includes\\classes\\CSS.php on line 971, referer: http://localhost/wordpress/wp-admin/tools.php?page=chld_thm_cfg_menu
[Tue Sep 28 20:15:29.918315 2021] [php:warn] [pid 10884:tid 1824] [client ::1:58467] PHP Warning:  Undefined property: stdClass::$default in C:\\xampp\\apps\\wordpress\\htdocs\\wp-content\\plugins\\woocommerce\\packages\\woocommerce-admin\\src\\RemoteInboxNotifications\\OptionRuleProcessor.php on line 45, referer: http://localhost/wordpress/wp-admin/admin.php?page=wc-admin&task=payments
[Tue Sep 28 20:15:29.918315 2021] [php:warn] [pid 10884:tid 1824] [client ::1:58467] PHP Warning:  Undefined property: stdClass::$default in C:\\xampp\\apps\\wordpress\\htdocs\\wp-content\\plugins\\woocommerce\\packages\\woocommerce-admin\\src\\RemoteInboxNotifications\\OptionRuleProcessor.php on line 45, referer: http://localhost/wordpress/wp-admin/admin.php?page=wc-admin&task=payments
[Tue Sep 28 22:57:11.938229 2021] [php:error] [pid 10884:tid 1808] [client ::1:59353] PHP Fatal error:  Cannot redeclare custom_code_after_single_product_summary() (previously declared in C:\\xampp\\apps\\wordpress\\htdocs\\wp-content\\plugins\\code-snippets\\php\\snippet-ops.php(469) : eval()'d code:3) in C:\\xampp\\apps\\wordpress\\htdocs\\wp-content\\themes\\twentytwentyone-child\\functions.php on line 25, referer: http://localhost/wordpress/wp-admin/
[Tue Sep 28 22:57:12.237495 2021] [php:warn] [pid 10884:tid 1808] [client ::1:59353] PHP Warning:  Trying to access array offset on value of type bool in C:\\xampp\\apps\\wordpress\\htdocs\\wp-includes\\class-wp-recovery-mode-email-service.php on line 351, referer: http://localhost/wordpress/wp-admin/
[Tue Sep 28 22:57:12.237495 2021] [php:warn] [pid 10884:tid 1808] [client ::1:59353] PHP Warning:  Trying to access array offset on value of type bool in C:\\xampp\\apps\\wordpress\\htdocs\\wp-includes\\class-wp-recovery-mode-email-service.php on line 352, referer: http://localhost/wordpress/wp-admin/
[Tue Sep 28 22:58:55.107955 2021] [php:error] [pid 10884:tid 1816] [client ::1:49900] PHP Parse error:  Unclosed '{' on line 9 in C:\\xampp\\apps\\wordpress\\htdocs\\wp-content\\themes\\twentytwentyone-child\\functions.php on line 37, referer: http://localhost/wordpress/wp-admin/themes.php
[Tue Sep 28 22:59:28.837718 2021] [php:error] [pid 10884:tid 1808] [client ::1:64073] PHP Fatal error:  Cannot redeclare custom_code_after_single_product_summary() (previously declared in C:\\xampp\\apps\\wordpress\\htdocs\\wp-content\\plugins\\code-snippets\\php\\snippet-ops.php(469) : eval()'d code:3) in C:\\xampp\\apps\\wordpress\\htdocs\\wp-content\\themes\\twentytwentyone-child\\functions.php on line 9, referer: http://localhost/wordpress/wp-admin/themes.php
[Tue Sep 28 23:05:49.769652 2021] [php:error] [pid 10884:tid 1816] [client ::1:63383] PHP Fatal error:  Cannot redeclare custom_code_after_single_product_summary() (previously declared in C:\\xampp\\apps\\wordpress\\htdocs\\wp-content\\plugins\\code-snippets\\php\\snippet-ops.php(469) : eval()'d code:3) in C:\\xampp\\apps\\wordpress\\htdocs\\wp-content\\themes\\twentytwentyone-child\\functions.php on line 3, referer: http://localhost/wordpress/wp-admin/themes.php
