2021-09-28 17:28:08 0 [Note] InnoDB: Mutexes and rw_locks use Windows interlocked functions
2021-09-28 17:28:08 0 [Note] InnoDB: Uses event mutexes
2021-09-28 17:28:08 0 [Note] InnoDB: Compressed tables use zlib 1.2.11
2021-09-28 17:28:08 0 [Note] InnoDB: Number of pools: 1
2021-09-28 17:28:08 0 [Note] InnoDB: Using SSE2 crc32 instructions
2021-09-28 17:28:08 0 [Note] InnoDB: Initializing buffer pool, total size = 16M, instances = 1, chunk size = 16M
2021-09-28 17:28:08 0 [Note] InnoDB: Completed initialization of buffer pool
2021-09-28 17:28:08 0 [Note] InnoDB: Starting crash recovery from checkpoint LSN=300288
2021-09-28 17:28:08 0 [Note] InnoDB: 128 out of 128 rollback segments are active.
2021-09-28 17:28:08 0 [Note] InnoDB: Removed temporary tablespace data file: "ibtmp1"
2021-09-28 17:28:08 0 [Note] InnoDB: Creating shared tablespace for temporary tables
2021-09-28 17:28:08 0 [Note] InnoDB: Setting file 'C:\xampp\mysql\data\ibtmp1' size to 12 MB. Physically writing the file full; Please wait ...
2021-09-28 17:28:08 0 [Note] InnoDB: File 'C:\xampp\mysql\data\ibtmp1' size is now 12 MB.
2021-09-28 17:28:08 0 [Note] InnoDB: Waiting for purge to start
2021-09-28 17:28:08 0 [Note] InnoDB: 10.4.21 started; log sequence number 300297; transaction id 170
2021-09-28 17:28:08 0 [Note] InnoDB: Loading buffer pool(s) from C:\xampp\mysql\data\ib_buffer_pool
2021-09-28 17:28:08 0 [Note] Plugin 'FEEDBACK' is disabled.
2021-09-28 17:28:08 0 [Note] Server socket created on IP: '::'.
2021-09-28 17:54:58 0 [Note] mysqld: Aria engine: starting recovery
recovered pages: 0% 12% 31% 51% 65% 82% 96% 100% (0.0 seconds); tables to flush: 2 1 0
 (0.5 seconds); 
2021-09-28 17:54:59 0 [Note] mysqld: Aria engine: recovery done
2021-09-28 17:54:59 0 [ERROR] InnoDB: The innodb_system data file 'ibdata1' must be writable
2021-09-28 17:54:59 0 [ERROR] InnoDB: The innodb_system data file 'ibdata1' must be writable
2021-09-28 17:54:59 0 [ERROR] Plugin 'InnoDB' init function returned error.
2021-09-28 17:54:59 0 [ERROR] Plugin 'InnoDB' registration as a STORAGE ENGINE failed.
2021-09-28 17:54:59 0 [Note] Plugin 'FEEDBACK' is disabled.
2021-09-28 17:54:59 0 [ERROR] Unknown/unsupported storage engine: InnoDB
2021-09-28 17:54:59 0 [ERROR] Aborting
2021-09-28 17:55:00 0 [ERROR] InnoDB: The innodb_system data file 'ibdata1' must be writable
2021-09-28 17:55:00 0 [ERROR] InnoDB: The innodb_system data file 'ibdata1' must be writable
2021-09-28 17:55:00 0 [ERROR] Plugin 'InnoDB' init function returned error.
2021-09-28 17:55:00 0 [ERROR] Plugin 'InnoDB' registration as a STORAGE ENGINE failed.
2021-09-28 17:55:00 0 [Note] Plugin 'FEEDBACK' is disabled.
2021-09-28 17:55:00 0 [ERROR] Unknown/unsupported storage engine: InnoDB
2021-09-28 17:55:00 0 [ERROR] Aborting
2021-09-28 17:55:01 0 [ERROR] InnoDB: The innodb_system data file 'ibdata1' must be writable
2021-09-28 17:55:01 0 [ERROR] InnoDB: The innodb_system data file 'ibdata1' must be writable
2021-09-28 17:55:01 0 [ERROR] Plugin 'InnoDB' init function returned error.
2021-09-28 17:55:01 0 [ERROR] Plugin 'InnoDB' registration as a STORAGE ENGINE failed.
2021-09-28 17:55:01 0 [Note] Plugin 'FEEDBACK' is disabled.
2021-09-28 17:55:01 0 [ERROR] Unknown/unsupported storage engine: InnoDB
2021-09-28 17:55:01 0 [ERROR] Aborting
2021-09-28 19:22:00 0 [Note] InnoDB: Mutexes and rw_locks use Windows interlocked functions
2021-09-28 19:22:00 0 [Note] InnoDB: Uses event mutexes
2021-09-28 19:22:00 0 [Note] InnoDB: Compressed tables use zlib 1.2.11
2021-09-28 19:22:00 0 [Note] InnoDB: Number of pools: 1
2021-09-28 19:22:00 0 [Note] InnoDB: Using SSE2 crc32 instructions
2021-09-28 19:22:00 0 [Note] InnoDB: Initializing buffer pool, total size = 16M, instances = 1, chunk size = 16M
2021-09-28 19:22:00 0 [Note] InnoDB: Completed initialization of buffer pool
2021-09-28 19:22:00 0 [Note] InnoDB: Starting crash recovery from checkpoint LSN=6354640
2021-09-28 19:22:01 0 [Note] InnoDB: 128 out of 128 rollback segments are active.
2021-09-28 19:22:01 0 [Note] InnoDB: Removed temporary tablespace data file: "ibtmp1"
2021-09-28 19:22:01 0 [Note] InnoDB: Creating shared tablespace for temporary tables
2021-09-28 19:22:01 0 [Note] InnoDB: Setting file 'C:\xampp\mysql\data\ibtmp1' size to 12 MB. Physically writing the file full; Please wait ...
2021-09-28 19:22:01 0 [Note] InnoDB: File 'C:\xampp\mysql\data\ibtmp1' size is now 12 MB.
2021-09-28 19:22:01 0 [Note] InnoDB: Waiting for purge to start
2021-09-28 19:22:02 0 [Note] InnoDB: 10.4.21 started; log sequence number 6354649; transaction id 3999
2021-09-28 19:22:02 0 [Note] InnoDB: Loading buffer pool(s) from C:\xampp\mysql\data\ib_buffer_pool
2021-09-28 19:22:02 0 [Note] Plugin 'FEEDBACK' is disabled.
2021-09-28 19:22:02 0 [Note] InnoDB: Buffer pool(s) load completed at 210928 19:22:02
2021-09-28 19:22:02 0 [Note] Server socket created on IP: '::'.
